[Tue Feb 01 09:29:20.655017 2022] [ssl:warn] [pid 1] AH01909: mag.sys-ad.ml:443:0 server certificate does NOT include an ID which matches the server name
AH00558: apache2: Could not reliably determine the server's fully qualified domain name, using 172.18.0.2. Set the 'ServerName' directive globally to suppress this message
[Tue Feb 01 09:29:20.706780 2022] [ssl:warn] [pid 1] AH01909: mag.sys-ad.ml:443:0 server certificate does NOT include an ID which matches the server name
[Tue Feb 01 09:29:20.713177 2022] [mpm_prefork:notice] [pid 1] AH00163: Apache/2.4.52 (Debian) PHP/8.1.2 OpenSSL/1.1.1k configured -- resuming normal operations
[Tue Feb 01 09:29:20.713246 2022] [core:notice] [pid 1] AH00094: Command line: 'apache2 -D FOREGROUND'
[Tue Feb 01 09:52:53.499813 2022] [ssl:warn] [pid 1] AH01909: mag.sys-ad.ml:443:0 server certificate does NOT include an ID which matches the server name
AH00558: apache2: Could not reliably determine the server's fully qualified domain name, using 172.18.0.2. Set the 'ServerName' directive globally to suppress this message
[Tue Feb 01 09:52:53.543820 2022] [ssl:warn] [pid 1] AH01909: mag.sys-ad.ml:443:0 server certificate does NOT include an ID which matches the server name
[Tue Feb 01 09:52:53.548925 2022] [mpm_prefork:notice] [pid 1] AH00163: Apache/2.4.52 (Debian) PHP/8.1.2 OpenSSL/1.1.1k configured -- resuming normal operations
[Tue Feb 01 09:52:53.548991 2022] [core:notice] [pid 1] AH00094: Command line: 'apache2 -D FOREGROUND'
[Tue Feb 01 09:59:25.004490 2022] [core:notice] [pid 1] AH00052: child pid 41 exit signal Interrupt (2)
[Tue Feb 01 10:23:16.042371 2022] [ssl:warn] [pid 1] AH01909: mag.sys-ad.ml:443:0 server certificate does NOT include an ID which matches the server name
AH00558: apache2: Could not reliably determine the server's fully qualified domain name, using 172.18.0.2. Set the 'ServerName' directive globally to suppress this message
[Tue Feb 01 10:23:16.098652 2022] [ssl:warn] [pid 1] AH01909: mag.sys-ad.ml:443:0 server certificate does NOT include an ID which matches the server name
[Tue Feb 01 10:23:16.105403 2022] [mpm_prefork:notice] [pid 1] AH00163: Apache/2.4.52 (Debian) PHP/8.1.2 OpenSSL/1.1.1k configured -- resuming normal operations
[Tue Feb 01 10:23:16.105469 2022] [core:notice] [pid 1] AH00094: Command line: 'apache2 -D FOREGROUND'
[Tue Feb 01 11:28:59.407301 2022] [mpm_prefork:notice] [pid 1] AH00170: caught SIGWINCH, shutting down gracefully
[Tue Feb 01 11:29:02.733129 2022] [ssl:warn] [pid 1] AH01909: mag.sys-ad.ml:443:0 server certificate does NOT include an ID which matches the server name
AH00558: apache2: Could not reliably determine the server's fully qualified domain name, using 172.18.0.3. Set the 'ServerName' directive globally to suppress this message
[Tue Feb 01 11:29:02.844082 2022] [ssl:warn] [pid 1] AH01909: mag.sys-ad.ml:443:0 server certificate does NOT include an ID which matches the server name
[Tue Feb 01 11:29:02.862444 2022] [mpm_prefork:notice] [pid 1] AH00163: Apache/2.4.52 (Debian) PHP/8.1.2 OpenSSL/1.1.1k configured -- resuming normal operations
[Tue Feb 01 11:29:02.862500 2022] [core:notice] [pid 1] AH00094: Command line: 'apache2 -D FOREGROUND'
[Tue Feb 01 11:30:18.445137 2022] [mpm_prefork:notice] [pid 1] AH00170: caught SIGWINCH, shutting down gracefully
[Tue Feb 01 11:35:00.429101 2022] [ssl:warn] [pid 1] AH01909: mag.sys-ad.ml:443:0 server certificate does NOT include an ID which matches the server name
AH00558: apache2: Could not reliably determine the server's fully qualified domain name, using 172.18.0.3. Set the 'ServerName' directive globally to suppress this message
[Tue Feb 01 11:35:00.498297 2022] [ssl:warn] [pid 1] AH01909: mag.sys-ad.ml:443:0 server certificate does NOT include an ID which matches the server name
[Tue Feb 01 11:35:00.505179 2022] [mpm_prefork:notice] [pid 1] AH00163: Apache/2.4.52 (Debian) PHP/8.1.2 OpenSSL/1.1.1k configured -- resuming normal operations
[Tue Feb 01 11:35:00.505253 2022] [core:notice] [pid 1] AH00094: Command line: 'apache2 -D FOREGROUND'
[Tue Feb 01 11:50:46.068890 2022] [ssl:warn] [pid 1] AH01909: mag.sys-ad.ml:443:0 server certificate does NOT include an ID which matches the server name
AH00558: apache2: Could not reliably determine the server's fully qualified domain name, using 172.18.0.3. Set the 'ServerName' directive globally to suppress this message
[Tue Feb 01 11:50:46.141806 2022] [ssl:warn] [pid 1] AH01909: mag.sys-ad.ml:443:0 server certificate does NOT include an ID which matches the server name
[Tue Feb 01 11:50:46.147902 2022] [mpm_prefork:notice] [pid 1] AH00163: Apache/2.4.52 (Debian) PHP/8.1.2 OpenSSL/1.1.1k configured -- resuming normal operations
[Tue Feb 01 11:50:46.147952 2022] [core:notice] [pid 1] AH00094: Command line: 'apache2 -D FOREGROUND'
