2022/02/01 16:08:21 [warn] 1#1: the "ssl" directive is deprecated, use the "listen ... ssl" directive instead in /etc/nginx/conf.d/000-default.conf:22
2022/02/01 16:08:21 [notice] 1#1: using the "epoll" event method
2022/02/01 16:08:21 [notice] 1#1: nginx/1.21.6
2022/02/01 16:08:21 [notice] 1#1: built by gcc 10.2.1 20210110 (Debian 10.2.1-6) 
2022/02/01 16:08:21 [notice] 1#1: OS: Linux 5.4.0-29-generic
2022/02/01 16:08:21 [notice] 1#1: getrlimit(RLIMIT_NOFILE): 1048576:1048576
2022/02/01 16:08:21 [notice] 1#1: start worker processes
2022/02/01 16:08:21 [notice] 1#1: start worker process 22
2022/02/01 16:08:21 [notice] 1#1: start worker process 23
2022/02/01 16:08:21 [notice] 1#1: start worker process 24
2022/02/01 18:10:41 [warn] 1#1: the "ssl" directive is deprecated, use the "listen ... ssl" directive instead in /etc/nginx/conf.d/000-default.conf:22
2022/02/01 18:10:41 [notice] 1#1: using the "epoll" event method
2022/02/01 18:10:41 [notice] 1#1: nginx/1.21.6
2022/02/01 18:10:41 [notice] 1#1: built by gcc 10.2.1 20210110 (Debian 10.2.1-6) 
2022/02/01 18:10:41 [notice] 1#1: OS: Linux 3.10.0-1160.31.1.el7.x86_64
2022/02/01 18:10:41 [notice] 1#1: getrlimit(RLIMIT_NOFILE): 1048576:1048576
2022/02/01 18:10:41 [notice] 1#1: start worker processes
2022/02/01 18:10:41 [notice] 1#1: start worker process 22
2022/02/01 18:10:41 [notice] 1#1: start worker process 23
2022/02/01 18:10:41 [notice] 1#1: start worker process 24
2022/02/01 18:11:19 [error] 22#22: *1 open() "/var/www/html/favicon.ico" failed (2: No such file or directory), client: 194.32.136.139, server: localhost, request: "GET /favicon.ico HTTP/1.1", host: "mag.sys-ad.ml", referrer: "http://mag.sys-ad.ml/"
2022/02/01 18:19:13 [notice] 1#1: signal 3 (SIGQUIT) received, shutting down
2022/02/01 18:19:13 [notice] 22#22: gracefully shutting down
2022/02/01 18:19:13 [notice] 24#24: gracefully shutting down
2022/02/01 18:19:13 [notice] 22#22: exiting
2022/02/01 18:19:13 [notice] 24#24: exiting
2022/02/01 18:19:13 [notice] 23#23: gracefully shutting down
2022/02/01 18:19:13 [notice] 23#23: exiting
2022/02/01 18:19:13 [notice] 23#23: exit
2022/02/01 18:19:13 [notice] 24#24: exit
2022/02/01 18:19:13 [notice] 22#22: exit
2022/02/01 18:19:13 [notice] 1#1: signal 17 (SIGCHLD) received from 23
2022/02/01 18:19:13 [notice] 1#1: worker process 22 exited with code 0
2022/02/01 18:19:13 [notice] 1#1: worker process 23 exited with code 0
2022/02/01 18:19:13 [notice] 1#1: worker process 24 exited with code 0
2022/02/01 18:19:13 [notice] 1#1: exit
2022/02/01 18:19:16 [warn] 1#1: the "ssl" directive is deprecated, use the "listen ... ssl" directive instead in /etc/nginx/conf.d/000-default.conf:22
2022/02/01 18:19:16 [notice] 1#1: using the "epoll" event method
2022/02/01 18:19:16 [notice] 1#1: nginx/1.21.6
2022/02/01 18:19:16 [notice] 1#1: built by gcc 10.2.1 20210110 (Debian 10.2.1-6) 
2022/02/01 18:19:16 [notice] 1#1: OS: Linux 3.10.0-1160.31.1.el7.x86_64
2022/02/01 18:19:16 [notice] 1#1: getrlimit(RLIMIT_NOFILE): 1048576:1048576
2022/02/01 18:19:16 [notice] 1#1: start worker processes
2022/02/01 18:19:16 [notice] 1#1: start worker process 22
2022/02/01 18:19:16 [notice] 1#1: start worker process 23
2022/02/01 18:19:16 [notice] 1#1: start worker process 24
